<?xml version="1.0" encoding="utf-8"?><testsuites name="pytest tests"><testsuite name="pytest" errors="0" failures="0" skipped="1" tests="22" time="17.877" timestamp="2026-01-16T19:14:56.734529+00:00" hostname="agent-env-13c3cbec-9132-4700-ac6d-a5080c9b97ee"><testcase classname="backend.tests.test_availability_phase2.TestProviderAvailabilityGet" name="test_get_availability_returns_200" time="1.287" /><testcase classname="backend.tests.test_availability_phase2.TestProviderAvailabilityGet" name="test_get_availability_structure" time="1.043" /><testcase classname="backend.tests.test_availability_phase2.TestProviderAvailabilityGet" name="test_weekly_availability_has_active_days" time="1.071" /><testcase classname="backend.tests.test_availability_phase2.TestAvailableSlotsEndpoint" name="test_get_slots_for_valid_date" time="1.422" /><testcase classname="backend.tests.test_availability_phase2.TestAvailableSlotsEndpoint" name="test_slots_respect_service_duration" time="2.846" /><testcase classname="backend.tests.test_availability_phase2.TestAvailableSlotsEndpoint" name="test_slots_require_date_parameter" time="0.041" /><testcase classname="backend.tests.test_availability_phase2.TestAvailableSlotsEndpoint" name="test_slots_require_duration_parameter" time="0.036" /><testcase classname="backend.tests.test_availability_phase2.TestAvailableSlotsEndpoint" name="test_invalid_date_format_rejected" time="0.175" /><testcase classname="backend.tests.test_availability_phase2.TestSetWeeklyAvailability" name="test_set_weekly_availability_valid" time="0.650" /><testcase classname="backend.tests.test_availability_phase2.TestSetWeeklyAvailability" name="test_invalid_time_format_rejected" time="0.036" /><testcase classname="backend.tests.test_availability_phase2.TestSetWeeklyAvailability" name="test_start_after_end_rejected" time="0.339" /><testcase classname="backend.tests.test_availability_phase2.TestExceptionsEndpoint" name="test_set_day_off_exception" time="0.622" /><testcase classname="backend.tests.test_availability_phase2.TestExceptionsEndpoint" name="test_set_custom_hours_exception" time="0.677" /><testcase classname="backend.tests.test_availability_phase2.TestBookingRulesEndpoint" name="test_set_valid_booking_rules" time="0.516"><skipped type="pytest.skip" message="provider_booking_rules table schema issue">/app/backend/tests/test_availability_phase2.py:245: provider_booking_rules table schema issue</skipped></testcase><testcase classname="backend.tests.test_availability_phase2.TestBookingRulesEndpoint" name="test_invalid_slot_step_rejected" time="0.040" /><testcase classname="backend.tests.test_availability_phase2.TestBookingsEndpoint" name="test_bookings_endpoint_exists" time="0.465" /><testcase classname="backend.tests.test_availability_phase2.TestBookingsEndpoint" name="test_get_bookings_list" time="0.323" /><testcase classname="backend.tests.test_availability_phase2.TestBookingsEndpoint" name="test_get_bookings_with_provider_filter" time="0.531" /><testcase classname="backend.tests.test_availability_phase2.TestProviderFullProfile" name="test_full_profile_returns_200" time="0.475" /><testcase classname="backend.tests.test_availability_phase2.TestProviderFullProfile" name="test_full_profile_has_services" time="0.537" /><testcase classname="backend.tests.test_availability_phase2.TestProviderFullProfile" name="test_full_profile_has_provider_info" time="0.543" /><testcase classname="backend.tests.test_availability_phase2.TestEndToEndBookingFlow" name="test_complete_booking_flow" time="4.121" /></testsuite></testsuites>