<?xml version="1.0" encoding="utf-8"?><testsuites name="pytest tests"><testsuite name="pytest" errors="0" failures="0" skipped="0" tests="13" time="53.544" timestamp="2026-01-17T00:37:57.487759+00:00" hostname="agent-env-13c3cbec-9132-4700-ac6d-a5080c9b97ee"><testcase classname="backend.tests.test_booking_visibility_fix.TestCustomerBookingVisibility" name="test_customer_bookings_by_auth_id" time="8.992" /><testcase classname="backend.tests.test_booking_visibility_fix.TestCustomerBookingVisibility" name="test_customer_bookings_have_computed_fields" time="9.328" /><testcase classname="backend.tests.test_booking_visibility_fix.TestProviderBookingVisibility" name="test_provider_bookings_by_auth_id" time="5.339" /><testcase classname="backend.tests.test_booking_visibility_fix.TestProviderBookingVisibility" name="test_provider_bookings_have_computed_fields" time="5.284" /><testcase classname="backend.tests.test_booking_visibility_fix.TestProviderMetrics" name="test_provider_metrics_returns_counts" time="0.346" /><testcase classname="backend.tests.test_booking_visibility_fix.TestProviderMetrics" name="test_provider_metrics_matches_bookings_list" time="5.769" /><testcase classname="backend.tests.test_booking_visibility_fix.TestProviderMetrics" name="test_provider_metrics_requires_auth_id" time="0.070" /><testcase classname="backend.tests.test_booking_visibility_fix.TestBookingCreationWithCustomerAuthId" name="test_create_booking_with_customer_auth_id" time="0.945" /><testcase classname="backend.tests.test_booking_visibility_fix.TestBookingCreationWithCustomerAuthId" name="test_create_booking_without_customer_auth_id_falls_back" time="3.100" /><testcase classname="backend.tests.test_booking_visibility_fix.TestBackfillMigration" name="test_backfill_endpoint_exists" time="0.322" /><testcase classname="backend.tests.test_booking_visibility_fix.TestEdgeCases" name="test_nonexistent_auth_id_returns_empty_list" time="0.336" /><testcase classname="backend.tests.test_booking_visibility_fix.TestEdgeCases" name="test_provider_metrics_nonexistent_auth_id_returns_zeros" time="0.364" /><testcase classname="backend.tests.test_booking_visibility_fix.TestEdgeCases" name="test_bookings_without_role_returns_all" time="13.275" /></testsuite></testsuites>