<?xml version="1.0" encoding="utf-8"?><testsuites name="pytest tests"><testsuite name="pytest" errors="0" failures="1" skipped="0" tests="13" time="57.857" timestamp="2026-01-17T00:36:37.568241+00:00" hostname="agent-env-13c3cbec-9132-4700-ac6d-a5080c9b97ee"><testcase classname="backend.tests.test_booking_visibility_fix.TestCustomerBookingVisibility" name="test_customer_bookings_by_auth_id" time="8.501" /><testcase classname="backend.tests.test_booking_visibility_fix.TestCustomerBookingVisibility" name="test_customer_bookings_have_computed_fields" time="8.242" /><testcase classname="backend.tests.test_booking_visibility_fix.TestProviderBookingVisibility" name="test_provider_bookings_by_auth_id" time="4.560" /><testcase classname="backend.tests.test_booking_visibility_fix.TestProviderBookingVisibility" name="test_provider_bookings_have_computed_fields" time="4.508" /><testcase classname="backend.tests.test_booking_visibility_fix.TestProviderMetrics" name="test_provider_metrics_returns_counts" time="0.423" /><testcase classname="backend.tests.test_booking_visibility_fix.TestProviderMetrics" name="test_provider_metrics_matches_bookings_list" time="4.766" /><testcase classname="backend.tests.test_booking_visibility_fix.TestProviderMetrics" name="test_provider_metrics_requires_auth_id" time="0.101" /><testcase classname="backend.tests.test_booking_visibility_fix.TestBookingCreationWithCustomerAuthId" name="test_create_booking_with_customer_auth_id" time="11.839" /><testcase classname="backend.tests.test_booking_visibility_fix.TestBookingCreationWithCustomerAuthId" name="test_create_booking_without_customer_auth_id_falls_back" time="1.921"><failure message="AssertionError: Expected 200/201, got 409: {&quot;detail&quot;:&quot;Selected time is no longer available. Please choose another slot.&quot;}&#10;assert 409 in [200, 201]&#10; +  where 409 = &lt;Response [409]&gt;.status_code">backend/tests/test_booking_visibility_fix.py:305: in test_create_booking_without_customer_auth_id_falls_back
    assert response.status_code in [200, 201], f"Expected 200/201, got {response.status_code}: {response.text}"
E   AssertionError: Expected 200/201, got 409: {"detail":"Selected time is no longer available. Please choose another slot."}
E   assert 409 in [200, 201]
E    +  where 409 = &lt;Response [409]&gt;.status_code</failure></testcase><testcase classname="backend.tests.test_booking_visibility_fix.TestBackfillMigration" name="test_backfill_endpoint_exists" time="0.304" /><testcase classname="backend.tests.test_booking_visibility_fix.TestEdgeCases" name="test_nonexistent_auth_id_returns_empty_list" time="0.303" /><testcase classname="backend.tests.test_booking_visibility_fix.TestEdgeCases" name="test_provider_metrics_nonexistent_auth_id_returns_zeros" time="0.327" /><testcase classname="backend.tests.test_booking_visibility_fix.TestEdgeCases" name="test_bookings_without_role_returns_all" time="11.970" /></testsuite></testsuites>