<?xml version="1.0" encoding="utf-8"?><testsuites name="pytest tests"><testsuite name="pytest" errors="0" failures="0" skipped="0" tests="20" time="125.600" timestamp="2026-01-16T23:34:59.891913+00:00" hostname="agent-env-13c3cbec-9132-4700-ac6d-a5080c9b97ee"><testcase classname="backend.tests.test_bookings_phase22.TestBookingsListEndpoint" name="test_list_all_bookings" time="9.935" /><testcase classname="backend.tests.test_bookings_phase22.TestBookingsListEndpoint" name="test_list_bookings_by_status_pending" time="4.038" /><testcase classname="backend.tests.test_bookings_phase22.TestBookingsListEndpoint" name="test_list_bookings_by_status_confirmed" time="1.982" /><testcase classname="backend.tests.test_bookings_phase22.TestBookingsListEndpoint" name="test_list_bookings_by_status_completed" time="1.173" /><testcase classname="backend.tests.test_bookings_phase22.TestBookingsListEndpoint" name="test_list_bookings_by_status_canceled" time="1.760" /><testcase classname="backend.tests.test_bookings_phase22.TestBookingsComputedFields" name="test_bookings_have_services_array" time="9.500" /><testcase classname="backend.tests.test_bookings_phase22.TestBookingsComputedFields" name="test_bookings_have_total_amount" time="9.700" /><testcase classname="backend.tests.test_bookings_phase22.TestBookingsComputedFields" name="test_bookings_have_total_duration" time="9.630" /><testcase classname="backend.tests.test_bookings_phase22.TestBookingsComputedFields" name="test_bookings_have_provider_display_name" time="10.443" /><testcase classname="backend.tests.test_bookings_phase22.TestBookingsComputedFields" name="test_bookings_have_customer_display_name" time="10.382" /><testcase classname="backend.tests.test_bookings_phase22.TestBookingDetailsEndpoint" name="test_get_booking_by_id" time="11.771" /><testcase classname="backend.tests.test_bookings_phase22.TestBookingDetailsEndpoint" name="test_get_booking_not_found" time="0.316" /><testcase classname="backend.tests.test_bookings_phase22.TestBookingDetailsEndpoint" name="test_booking_details_have_all_fields" time="11.215" /><testcase classname="backend.tests.test_bookings_phase22.TestBookingStatusTransitions" name="test_invalid_status_rejected" time="12.193" /><testcase classname="backend.tests.test_bookings_phase22.TestBookingStatusTransitions" name="test_provider_confirm_transition" time="5.001" /><testcase classname="backend.tests.test_bookings_phase22.TestBookingStatusTransitions" name="test_customer_cannot_confirm" time="3.707" /><testcase classname="backend.tests.test_bookings_phase22.TestBookingStatusTransitions" name="test_provider_decline_transition" time="4.405" /><testcase classname="backend.tests.test_bookings_phase22.TestBookingStatusTransitions" name="test_provider_complete_confirmed" time="3.951" /><testcase classname="backend.tests.test_bookings_phase22.TestRoleBasedFiltering" name="test_provider_role_filter" time="3.794" /><testcase classname="backend.tests.test_bookings_phase22.TestRoleBasedFiltering" name="test_customer_role_filter" time="0.639" /></testsuite></testsuites>