<?xml version="1.0" encoding="utf-8"?><testsuites name="pytest tests"><testsuite name="pytest" errors="0" failures="0" skipped="0" tests="12" time="156.816" timestamp="2026-01-17T01:12:20.264844+00:00" hostname="agent-env-13c3cbec-9132-4700-ac6d-a5080c9b97ee"><testcase classname="backend.tests.test_customer_bookings.TestCustomerBookingsAPI" name="test_get_customer_bookings_returns_200" time="10.161" /><testcase classname="backend.tests.test_customer_bookings.TestCustomerBookingsAPI" name="test_get_customer_bookings_returns_list" time="9.850" /><testcase classname="backend.tests.test_customer_bookings.TestCustomerBookingsAPI" name="test_get_customer_bookings_count" time="10.057" /><testcase classname="backend.tests.test_customer_bookings.TestCustomerBookingsAPI" name="test_booking_has_required_fields" time="61.924" /><testcase classname="backend.tests.test_customer_bookings.TestCustomerBookingsAPI" name="test_booking_has_services_array" time="10.724" /><testcase classname="backend.tests.test_customer_bookings.TestCustomerBookingsAPI" name="test_booking_has_total_amount" time="10.100" /><testcase classname="backend.tests.test_customer_bookings.TestCustomerBookingsAPI" name="test_booking_status_values" time="9.702" /><testcase classname="backend.tests.test_customer_bookings.TestCustomerBookingsAPI" name="test_booking_customer_auth_id_matches" time="9.700" /><testcase classname="backend.tests.test_customer_bookings.TestCustomerBookingsAPI" name="test_empty_auth_id_returns_empty_list" time="0.340" /><testcase classname="backend.tests.test_customer_bookings.TestCustomerBookingsAPI" name="test_booking_details_endpoint" time="10.916" /><testcase classname="backend.tests.test_customer_bookings.TestBookingsAPIStructure" name="test_api_health" time="0.219" /><testcase classname="backend.tests.test_customer_bookings.TestBookingsAPIStructure" name="test_bookings_endpoint_exists" time="13.071" /></testsuite></testsuites>