<?xml version="1.0" encoding="utf-8"?><testsuites name="pytest tests"><testsuite name="pytest" errors="0" failures="7" skipped="0" tests="23" time="18.336" timestamp="2026-01-17T12:15:10.023503+00:00" hostname="agent-env-4bc0e2db-f947-47b6-ae42-4f73793e23bd"><testcase classname="tests.test_paystack_payments.TestPaystackInitialize" name="test_initialize_wallet_topup_returns_503_with_placeholder_keys" time="0.490"><failure message="AssertionError: Expected 502 or 503, got 521: {&quot;detail&quot;:&quot;Failed to initialize payment with Paystack&quot;}&#10;assert 521 in [502, 503]&#10; +  where 521 = &lt;Response [521]&gt;.status_code">tests/test_paystack_payments.py:41: in test_initialize_wallet_topup_returns_503_with_placeholder_keys
    assert response.status_code in [502, 503], f"Expected 502 or 503, got {response.status_code}: {response.text}"
E   AssertionError: Expected 502 or 503, got 521: {"detail":"Failed to initialize payment with Paystack"}
E   assert 521 in [502, 503]
E    +  where 521 = &lt;Response [521]&gt;.status_code</failure></testcase><testcase classname="tests.test_paystack_payments.TestPaystackInitialize" name="test_initialize_booking_escrow_returns_503_with_placeholder_keys" time="0.351"><failure message="AssertionError: Expected 502 or 503, got 521: {&quot;detail&quot;:&quot;Failed to initialize payment with Paystack&quot;}&#10;assert 521 in [502, 503]&#10; +  where 521 = &lt;Response [521]&gt;.status_code">tests/test_paystack_payments.py:55: in test_initialize_booking_escrow_returns_503_with_placeholder_keys
    assert response.status_code in [502, 503], f"Expected 502 or 503, got {response.status_code}: {response.text}"
E   AssertionError: Expected 502 or 503, got 521: {"detail":"Failed to initialize payment with Paystack"}
E   assert 521 in [502, 503]
E    +  where 521 = &lt;Response [521]&gt;.status_code</failure></testcase><testcase classname="tests.test_paystack_payments.TestPaystackInitialize" name="test_initialize_invalid_amount_returns_400" time="0.037" /><testcase classname="tests.test_paystack_payments.TestPaystackInitialize" name="test_initialize_invalid_purpose_returns_400" time="0.041" /><testcase classname="tests.test_paystack_payments.TestPaystackInitialize" name="test_initialize_booking_escrow_without_booking_id_returns_400" time="0.040" /><testcase classname="tests.test_paystack_payments.TestPaystackVerify" name="test_verify_with_invalid_reference_returns_error" time="1.193"><failure message="AssertionError: Got 521: {&quot;detail&quot;:&quot;Failed to verify payment with Paystack&quot;}&#10;assert 521 in [400, 502, 503]&#10; +  where 521 = &lt;Response [521]&gt;.status_code">tests/test_paystack_payments.py:108: in test_verify_with_invalid_reference_returns_error
    assert response.status_code in [400, 502, 503], f"Got {response.status_code}: {response.text}"
E   AssertionError: Got 521: {"detail":"Failed to verify payment with Paystack"}
E   assert 521 in [400, 502, 503]
E    +  where 521 = &lt;Response [521]&gt;.status_code</failure></testcase><testcase classname="tests.test_paystack_payments.TestPaystackVerify" name="test_verify_without_reference_returns_422" time="0.044" /><testcase classname="tests.test_paystack_payments.TestPaystackWebhook" name="test_webhook_without_signature_processes_event" time="0.749"><failure message="AssertionError: Got 521: {&quot;detail&quot;:&quot;Failed to verify payment with Paystack&quot;}&#10;assert 521 in [200, 503]&#10; +  where 521 = &lt;Response [521]&gt;.status_code">tests/test_paystack_payments.py:134: in test_webhook_without_signature_processes_event
    assert response.status_code in [200, 503], f"Got {response.status_code}: {response.text}"
E   AssertionError: Got 521: {"detail":"Failed to verify payment with Paystack"}
E   assert 521 in [200, 503]
E    +  where 521 = &lt;Response [521]&gt;.status_code</failure></testcase><testcase classname="tests.test_paystack_payments.TestPaystackWebhook" name="test_webhook_with_invalid_json_returns_400" time="0.037" /><testcase classname="tests.test_paystack_payments.TestWalletMe" name="test_get_wallet_with_valid_auth_id" time="0.241" /><testcase classname="tests.test_paystack_payments.TestWalletMe" name="test_get_wallet_with_nonexistent_auth_id" time="0.263"><failure message="AssertionError: Expected 200, got 520: {&quot;detail&quot;:&quot;Failed to fetch wallet: {'message': 'invalid input syntax for type uuid: \&quot;nonexistent-auth-id-12345\&quot;', 'code': '22P02', 'hint': None, 'details': None}&quot;}&#10;assert 520 == 200&#10; +  where 520 = &lt;Response [520]&gt;.status_code">tests/test_paystack_payments.py:175: in test_get_wallet_with_nonexistent_auth_id
    assert response.status_code == 200, f"Expected 200, got {response.status_code}: {response.text}"
E   AssertionError: Expected 200, got 520: {"detail":"Failed to fetch wallet: {'message': 'invalid input syntax for type uuid: \"nonexistent-auth-id-12345\"', 'code': '22P02', 'hint': None, 'details': None}"}
E   assert 520 == 200
E    +  where 520 = &lt;Response [520]&gt;.status_code</failure></testcase><testcase classname="tests.test_paystack_payments.TestWalletMe" name="test_get_wallet_without_auth_id_returns_422" time="0.040" /><testcase classname="tests.test_paystack_payments.TestWalletTransactions" name="test_get_transactions_with_valid_auth_id" time="0.423"><failure message="AssertionError: Expected 200, got 520: {&quot;detail&quot;:&quot;Failed to fetch transactions: {'message': 'column wallet_transactions.user_auth_id does not exist', 'code': '42703', 'hint': None, 'details': None}&quot;}&#10;assert 520 == 200&#10; +  where 520 = &lt;Response [520]&gt;.status_code">tests/test_paystack_payments.py:198: in test_get_transactions_with_valid_auth_id
    assert response.status_code == 200, f"Expected 200, got {response.status_code}: {response.text}"
E   AssertionError: Expected 200, got 520: {"detail":"Failed to fetch transactions: {'message': 'column wallet_transactions.user_auth_id does not exist', 'code': '42703', 'hint': None, 'details': None}"}
E   assert 520 == 200
E    +  where 520 = &lt;Response [520]&gt;.status_code</failure></testcase><testcase classname="tests.test_paystack_payments.TestWalletTransactions" name="test_get_transactions_with_limit" time="0.399"><failure message="AssertionError: Expected 200, got 520: {&quot;detail&quot;:&quot;Failed to fetch transactions: {'message': 'column wallet_transactions.user_auth_id does not exist', 'code': '42703', 'hint': None, 'details': None}&quot;}&#10;assert 520 == 200&#10; +  where 520 = &lt;Response [520]&gt;.status_code">tests/test_paystack_payments.py:210: in test_get_transactions_with_limit
    assert response.status_code == 200, f"Expected 200, got {response.status_code}: {response.text}"
E   AssertionError: Expected 200, got 520: {"detail":"Failed to fetch transactions: {'message': 'column wallet_transactions.user_auth_id does not exist', 'code': '42703', 'hint': None, 'details': None}"}
E   assert 520 == 200
E    +  where 520 = &lt;Response [520]&gt;.status_code</failure></testcase><testcase classname="tests.test_paystack_payments.TestWalletTransactions" name="test_get_transactions_without_auth_id_returns_422" time="0.038" /><testcase classname="tests.test_paystack_payments.TestBookingStatusWithEscrow" name="test_valid_statuses_accepted" time="11.660" /><testcase classname="tests.test_paystack_payments.TestBookingStatusWithEscrow" name="test_update_booking_status_endpoint_exists" time="0.193" /><testcase classname="tests.test_paystack_payments.TestBookingStatusWithEscrow" name="test_invalid_status_returns_400" time="0.079" /><testcase classname="tests.test_paystack_payments.TestEndpointStructure" name="test_payments_initialize_endpoint_exists" time="0.415" /><testcase classname="tests.test_paystack_payments.TestEndpointStructure" name="test_payments_verify_endpoint_exists" time="0.596" /><testcase classname="tests.test_paystack_payments.TestEndpointStructure" name="test_webhooks_paystack_endpoint_exists" time="0.337" /><testcase classname="tests.test_paystack_payments.TestEndpointStructure" name="test_wallet_me_endpoint_exists" time="0.219" /><testcase classname="tests.test_paystack_payments.TestEndpointStructure" name="test_wallet_transactions_endpoint_exists" time="0.323" /></testsuite></testsuites>