<?xml version="1.0" encoding="utf-8"?><testsuites name="pytest tests"><testsuite name="pytest" errors="0" failures="0" skipped="0" tests="23" time="16.690" timestamp="2026-01-17T12:16:26.308313+00:00" hostname="agent-env-4bc0e2db-f947-47b6-ae42-4f73793e23bd"><testcase classname="tests.test_paystack_payments.TestPaystackInitialize" name="test_initialize_wallet_topup_returns_error_with_placeholder_keys" time="0.471" /><testcase classname="tests.test_paystack_payments.TestPaystackInitialize" name="test_initialize_booking_escrow_returns_error_with_placeholder_keys" time="0.353" /><testcase classname="tests.test_paystack_payments.TestPaystackInitialize" name="test_initialize_invalid_amount_returns_400" time="0.043" /><testcase classname="tests.test_paystack_payments.TestPaystackInitialize" name="test_initialize_invalid_purpose_returns_400" time="0.042" /><testcase classname="tests.test_paystack_payments.TestPaystackInitialize" name="test_initialize_booking_escrow_without_booking_id_returns_400" time="0.046" /><testcase classname="tests.test_paystack_payments.TestPaystackVerify" name="test_verify_with_invalid_reference_returns_error" time="0.737" /><testcase classname="tests.test_paystack_payments.TestPaystackVerify" name="test_verify_without_reference_returns_422" time="0.040" /><testcase classname="tests.test_paystack_payments.TestPaystackWebhook" name="test_webhook_processes_event" time="0.690" /><testcase classname="tests.test_paystack_payments.TestPaystackWebhook" name="test_webhook_with_invalid_json_returns_400" time="0.038" /><testcase classname="tests.test_paystack_payments.TestWalletMe" name="test_get_wallet_with_valid_auth_id" time="0.187" /><testcase classname="tests.test_paystack_payments.TestWalletMe" name="test_get_wallet_with_nonexistent_auth_id" time="0.184" /><testcase classname="tests.test_paystack_payments.TestWalletMe" name="test_get_wallet_without_auth_id_returns_422" time="0.037" /><testcase classname="tests.test_paystack_payments.TestWalletTransactions" name="test_get_transactions_with_valid_auth_id" time="0.323" /><testcase classname="tests.test_paystack_payments.TestWalletTransactions" name="test_get_transactions_with_limit" time="0.324" /><testcase classname="tests.test_paystack_payments.TestWalletTransactions" name="test_get_transactions_without_auth_id_returns_422" time="0.038" /><testcase classname="tests.test_paystack_payments.TestBookingStatusWithEscrow" name="test_valid_statuses_accepted" time="11.017" /><testcase classname="tests.test_paystack_payments.TestBookingStatusWithEscrow" name="test_update_booking_status_endpoint_exists" time="0.197" /><testcase classname="tests.test_paystack_payments.TestBookingStatusWithEscrow" name="test_invalid_status_returns_400" time="0.040" /><testcase classname="tests.test_paystack_payments.TestEndpointStructure" name="test_payments_initialize_endpoint_exists" time="0.331" /><testcase classname="tests.test_paystack_payments.TestEndpointStructure" name="test_payments_verify_endpoint_exists" time="0.641" /><testcase classname="tests.test_paystack_payments.TestEndpointStructure" name="test_webhooks_paystack_endpoint_exists" time="0.328" /><testcase classname="tests.test_paystack_payments.TestEndpointStructure" name="test_wallet_me_endpoint_exists" time="0.181" /><testcase classname="tests.test_paystack_payments.TestEndpointStructure" name="test_wallet_transactions_endpoint_exists" time="0.323" /></testsuite></testsuites>