<?xml version="1.0" encoding="utf-8"?><testsuites name="pytest tests"><testsuite name="pytest" errors="0" failures="1" skipped="0" tests="19" time="24.879" timestamp="2026-01-15T18:19:53.968609+00:00" hostname="agent-env-4f22d380-0ddc-4e10-bfd8-54d0b6c11f47"><testcase classname="tests.test_phase19_privacy_identity.TestAPIConnection" name="test_api_root" time="0.065" /><testcase classname="tests.test_phase19_privacy_identity.TestAPIConnection" name="test_database_connection" time="0.405" /><testcase classname="tests.test_phase19_privacy_identity.TestProvidersWithServicesEndpoint" name="test_providers_with_services_returns_200" time="1.725" /><testcase classname="tests.test_phase19_privacy_identity.TestProvidersWithServicesEndpoint" name="test_providers_with_services_no_email" time="1.719" /><testcase classname="tests.test_phase19_privacy_identity.TestProvidersWithServicesEndpoint" name="test_providers_with_services_has_display_name" time="1.697" /><testcase classname="tests.test_phase19_privacy_identity.TestProvidersWithServicesEndpoint" name="test_providers_with_services_has_provider_type" time="1.941" /><testcase classname="tests.test_phase19_privacy_identity.TestProvidersWithServicesEndpoint" name="test_providers_with_services_has_business_name" time="1.728" /><testcase classname="tests.test_phase19_privacy_identity.TestProvidersWithServicesEndpoint" name="test_display_name_logic" time="1.646" /><testcase classname="tests.test_phase19_privacy_identity.TestProviderFullProfileEndpoint" name="test_full_profile_returns_200" time="2.326" /><testcase classname="tests.test_phase19_privacy_identity.TestProviderFullProfileEndpoint" name="test_full_profile_no_email" time="2.117" /><testcase classname="tests.test_phase19_privacy_identity.TestProviderFullProfileEndpoint" name="test_full_profile_has_display_name" time="2.097" /><testcase classname="tests.test_phase19_privacy_identity.TestProviderFullProfileEndpoint" name="test_full_profile_has_provider_type" time="2.248" /><testcase classname="tests.test_phase19_privacy_identity.TestProviderFullProfileEndpoint" name="test_full_profile_has_business_name" time="2.038" /><testcase classname="tests.test_phase19_privacy_identity.TestProviderFullProfileEndpoint" name="test_full_profile_404_for_invalid_id" time="0.181" /><testcase classname="tests.test_phase19_privacy_identity.TestUserUpdateModel" name="test_user_update_without_email" time="0.584"><failure message="assert 520 == 200&#10; +  where 520 = &lt;Response [520]&gt;.status_code">tests/test_phase19_privacy_identity.py:220: in test_user_update_without_email
    assert response.status_code == 200
E   assert 520 == 200
E    +  where 520 = &lt;Response [520]&gt;.status_code</failure></testcase><testcase classname="tests.test_phase19_privacy_identity.TestUserUpdateModel" name="test_user_response_has_privacy_fields" time="0.196" /><testcase classname="tests.test_phase19_privacy_identity.TestStylistModel" name="test_stylist_response_has_provider_type" time="0.187" /><testcase classname="tests.test_phase19_privacy_identity.TestStylistModel" name="test_stylist_response_has_business_name" time="0.195" /><testcase classname="tests.test_phase19_privacy_identity.TestFilters" name="test_city_filter" time="1.695" /></testsuite></testsuites>