<?xml version="1.0" encoding="utf-8"?><testsuites name="pytest tests"><testsuite name="pytest" errors="0" failures="0" skipped="0" tests="15" time="3.718" timestamp="2026-03-01T22:46:13.339332+00:00" hostname="agent-env-86b40ee9-37b9-428a-8159-e514e7253276"><testcase classname="tests.test_reviews.TestReviewsEndpoints" name="test_create_review_booking_not_found" time="0.409" /><testcase classname="tests.test_reviews.TestReviewsEndpoints" name="test_create_review_invalid_rating_too_low" time="0.002" /><testcase classname="tests.test_reviews.TestReviewsEndpoints" name="test_create_review_invalid_rating_too_high" time="0.002" /><testcase classname="tests.test_reviews.TestReviewsEndpoints" name="test_get_provider_reviews_empty" time="0.490" /><testcase classname="tests.test_reviews.TestReviewsEndpoints" name="test_get_provider_reviews_with_pagination" time="0.479" /><testcase classname="tests.test_reviews.TestReviewsEndpoints" name="test_get_my_reviews_customer" time="0.307" /><testcase classname="tests.test_reviews.TestReviewsEndpoints" name="test_get_my_reviews_provider" time="0.309" /><testcase classname="tests.test_reviews.TestReviewsEndpoints" name="test_get_my_reviews_invalid_role" time="0.150" /><testcase classname="tests.test_reviews.TestReviewsEndpoints" name="test_get_review_by_booking_not_found" time="0.316" /><testcase classname="tests.test_reviews.TestReviewsEndpoints" name="test_reply_to_review_not_found" time="0.307" /><testcase classname="tests.test_reviews.TestReviewsEndpoints" name="test_reply_to_review_missing_reply_text" time="0.002" /><testcase classname="tests.test_reviews.TestReviewsValidation" name="test_review_requires_auth_id" time="0.001" /><testcase classname="tests.test_reviews.TestReviewsValidation" name="test_get_my_reviews_requires_auth_id" time="0.001" /><testcase classname="tests.test_reviews.TestReviewsValidation" name="test_get_my_reviews_requires_role" time="0.002" /><testcase classname="tests.test_reviews.TestReviewsPermissions" name="test_only_customer_can_review_their_booking" time="0.304" /></testsuite></testsuites>