<?xml version="1.0" encoding="utf-8"?><testsuites name="pytest tests"><testsuite name="pytest" errors="0" failures="0" skipped="0" tests="11" time="7.557" timestamp="2026-01-15T22:13:01.023019+00:00" hostname="agent-env-4f22d380-0ddc-4e10-bfd8-54d0b6c11f47"><testcase classname="tests.test_service_description.TestProviderServicesDescription" name="test_get_provider_services_returns_description" time="0.599" /><testcase classname="tests.test_service_description.TestProviderServicesDescription" name="test_provider_full_profile_returns_description" time="0.518" /><testcase classname="tests.test_service_description.TestProviderServicesDescription" name="test_toggle_services_with_description" time="1.485" /><testcase classname="tests.test_service_description.TestProviderServicesDescription" name="test_toggle_preserves_price_duration_modes" time="1.152" /><testcase classname="tests.test_service_description.TestProviderServicesDescription" name="test_empty_description_handling" time="1.497" /><testcase classname="tests.test_service_description.TestProviderProfileDescriptionDisplay" name="test_profile_excludes_legacy_modes_description" time="0.388" /><testcase classname="tests.test_service_description.TestProviderProfileDescriptionDisplay" name="test_profile_returns_valid_description" time="1.249" /><testcase classname="tests.test_service_description.TestAPIEndpointHealth" name="test_api_root" time="0.031" /><testcase classname="tests.test_service_description.TestAPIEndpointHealth" name="test_provider_services_endpoint" time="0.181" /><testcase classname="tests.test_service_description.TestAPIEndpointHealth" name="test_provider_full_profile_endpoint" time="0.344" /><testcase classname="tests.test_service_description.TestAPIEndpointHealth" name="test_toggle_services_endpoint" time="0.049" /></testsuite></testsuites>