<?xml version="1.0" encoding="utf-8"?><testsuites name="pytest tests"><testsuite name="pytest" errors="0" failures="0" skipped="0" tests="20" time="28.893" timestamp="2026-01-19T01:22:16.096384+00:00" hostname="agent-env-4bc0e2db-f947-47b6-ae42-4f73793e23bd"><testcase classname="backend.tests.test_wallet_payment_flow.TestPayWithWalletEndpoint" name="test_endpoint_exists" time="0.954" /><testcase classname="backend.tests.test_wallet_payment_flow.TestPayWithWalletEndpoint" name="test_booking_not_found_returns_404" time="0.321" /><testcase classname="backend.tests.test_wallet_payment_flow.TestPayWithWalletEndpoint" name="test_missing_auth_id_returns_422" time="0.002" /><testcase classname="backend.tests.test_wallet_payment_flow.TestPayWithWalletEndpoint" name="test_wrong_user_returns_403_or_404" time="0.314" /><testcase classname="backend.tests.test_wallet_payment_flow.TestPaystackRestrictions" name="test_paystack_rejects_booking_escrow_purpose" time="0.006" /><testcase classname="backend.tests.test_wallet_payment_flow.TestPaystackRestrictions" name="test_paystack_allows_wallet_topup_purpose" time="0.974" /><testcase classname="backend.tests.test_wallet_payment_flow.TestPaystackRestrictions" name="test_paystack_rejects_invalid_purpose" time="0.002" /><testcase classname="backend.tests.test_wallet_payment_flow.TestWalletBalanceEndpoints" name="test_get_wallet_me_returns_balances" time="0.177" /><testcase classname="backend.tests.test_wallet_payment_flow.TestWalletBalanceEndpoints" name="test_get_wallet_me_for_nonexistent_user" time="0.164" /><testcase classname="backend.tests.test_wallet_payment_flow.TestWalletBalanceEndpoints" name="test_get_transactions_returns_list" time="0.318" /><testcase classname="backend.tests.test_wallet_payment_flow.TestInsufficientFundsResponse" name="test_insufficient_funds_returns_402_with_details" time="0.312" /><testcase classname="backend.tests.test_wallet_payment_flow.TestBookingStatusUpdates" name="test_completed_status_accepted" time="0.163" /><testcase classname="backend.tests.test_wallet_payment_flow.TestBookingStatusUpdates" name="test_canceled_status_accepted" time="0.158" /><testcase classname="backend.tests.test_wallet_payment_flow.TestBookingStatusUpdates" name="test_pending_payment_status_accepted" time="0.152" /><testcase classname="backend.tests.test_wallet_payment_flow.TestIdempotency" name="test_pay_with_wallet_idempotent" time="0.611" /><testcase classname="backend.tests.test_wallet_payment_flow.TestAPIIntegration" name="test_api_health" time="0.170" /><testcase classname="backend.tests.test_wallet_payment_flow.TestAPIIntegration" name="test_bookings_endpoint_exists" time="23.252" /><testcase classname="backend.tests.test_wallet_payment_flow.TestAPIIntegration" name="test_wallets_endpoint_exists" time="0.148" /><testcase classname="backend.tests.test_wallet_payment_flow.TestPaymentResponseStructure" name="test_wallet_payment_response_structure" time="0.296" /><testcase classname="backend.tests.test_wallet_payment_flow.TestPaymentResponseStructure" name="test_402_response_structure" time="0.329" /></testsuite></testsuites>